<?xml version="1.0" encoding="UTF-8"?>
<!-- Generated by org.testng.reporters.JUnitXMLReporter -->
<testsuite ignored="19" hostname="LAPTOP-MON0G8P2" failures="3" tests="6" name="Test" time="196.623" errors="0" timestamp="2024-07-19T11:46:40 IST">
  <testcase classname="group_Of_TestCases.groups" name="AddToCart" time="40.607"/>
  <testcase classname="group_Of_TestCases.groups" name="SearchBox_Functionality" time="11.369"/>
  <testcase classname="group_Of_TestCases.groups" name="VerifyHomePageLoads" time="0.206">
    <failure type="java.lang.AssertionError" message="expected [true] but found [false]">
      <![CDATA[java.lang.AssertionError: expected [true] but found [false]
at group_Of_TestCases.groups.VerifyHomePageLoads(groups.java:82)
at java.base/java.util.ArrayList.forEach(ArrayList.java:1511)
... Removed 31 stack frames]]>
    </failure>
  </testcase> <!-- VerifyHomePageLoads -->
  <testcase classname="group_Of_TestCases.groups" name="VerifyProductDetailsPage" time="22.072">
    <failure type="java.lang.AssertionError" message="expected [true] but found [false]">
      <![CDATA[java.lang.AssertionError: expected [true] but found [false]
at group_Of_TestCases.groups.VerifyProductDetailsPage(groups.java:383)
at java.base/java.util.ArrayList.forEach(ArrayList.java:1511)
... Removed 31 stack frames]]>
    </failure>
  </testcase> <!-- VerifyProductDetailsPage -->
  <testcase classname="group_Of_TestCases.groups" name="ViewCartTest" time="63.29"/>
  <testcase classname="group_Of_TestCases.groups" name="verifyProceedToCheckout" time="58.938">
    <failure type="java.lang.AssertionError" message="Test failed due to exception: element click intercepted: Element &amp;lt;button type=&amp;quot;button&amp;quot; data-role=&amp;quot;proceed-to-checkout&amp;quot; title=&amp;quot;Proceed to Checkout&amp;quot; class=&amp;quot;action primary checkout&amp;quot;&amp;gt;...&amp;lt;/button&amp;gt; is not clickable at point (1228, 609). Other element would receive the click: &amp;lt;div class=&amp;quot;ea-content&amp;quot;&amp;gt;...&amp;lt;/div&amp;gt;
  (Session info: chrome=126.0.6478.182)
Build info: version: &amp;apos;4.22.0&amp;apos;, revision: &amp;apos;c5f3146703*&amp;apos;
System info: os.name: &amp;apos;Windows 11&amp;apos;, os.arch: &amp;apos;amd64&amp;apos;, os.version: &amp;apos;10.0&amp;apos;, java.version: &amp;apos;17.0.8.1&amp;apos;
Driver info: org.openqa.selenium.chrome.ChromeDriver
Command: [0287ba3cf2499cb346c7184c1eb228a3, clickElement {id=f.A0A386F3048AF6B160C31000F885EB16.d.BFB2896C4C003C33CDA5AAA97703F2FC.e.1682}]
Capabilities {acceptInsecureCerts: false, browserName: chrome, browserVersion: 126.0.6478.182, chrome: {chromedriverVersion: 126.0.6478.182 (5b5d8292ddf..., userDataDir: C:\Users\RAHEEM~1\AppData\L...}, fedcm:accounts: true, goog:chromeOptions: {debuggerAddress: localhost:51123}, networkConnectionEnabled: false, pageLoadStrategy: normal, platformName: windows, proxy: Proxy(), se:cdp: ws://localhost:51123/devtoo..., se:cdpVersion: 126.0.6478.182, setWindowRect: true, strictFileInteractability: false, timeouts: {implicit: 0, pageLoad: 300000, script: 30000}, unhandledPromptBehavior: dismiss and notify, webauthn:extension:credBlob: true, webauthn:extension:largeBlob: true, webauthn:extension:minPinLength: true, webauthn:extension:prf: true, webauthn:virtualAuthenticators: true}
Element: [[ChromeDriver: chrome on windows (0287ba3cf2499cb346c7184c1eb228a3)] -&amp;gt; xpath: //button[@data-role=&amp;apos;proceed-to-checkout&amp;apos;]]
Session ID: 0287ba3cf2499cb346c7184c1eb228a3">
      <![CDATA[java.lang.AssertionError: Test failed due to exception: element click intercepted: Element <button type="button" data-role="proceed-to-checkout" title="Proceed to Checkout" class="action primary checkout">...</button> is not clickable at point (1228, 609). Other element would receive the click: <div class="ea-content">...</div>
  (Session info: chrome=126.0.6478.182)
Build info: version: '4.22.0', revision: 'c5f3146703*'
System info: os.name: 'Windows 11', os.arch: 'amd64', os.version: '10.0', java.version: '17.0.8.1'
Driver info: org.openqa.selenium.chrome.ChromeDriver
Command: [0287ba3cf2499cb346c7184c1eb228a3, clickElement {id=f.A0A386F3048AF6B160C31000F885EB16.d.BFB2896C4C003C33CDA5AAA97703F2FC.e.1682}]
Capabilities {acceptInsecureCerts: false, browserName: chrome, browserVersion: 126.0.6478.182, chrome: {chromedriverVersion: 126.0.6478.182 (5b5d8292ddf..., userDataDir: C:\Users\RAHEEM~1\AppData\L...}, fedcm:accounts: true, goog:chromeOptions: {debuggerAddress: localhost:51123}, networkConnectionEnabled: false, pageLoadStrategy: normal, platformName: windows, proxy: Proxy(), se:cdp: ws://localhost:51123/devtoo..., se:cdpVersion: 126.0.6478.182, setWindowRect: true, strictFileInteractability: false, timeouts: {implicit: 0, pageLoad: 300000, script: 30000}, unhandledPromptBehavior: dismiss and notify, webauthn:extension:credBlob: true, webauthn:extension:largeBlob: true, webauthn:extension:minPinLength: true, webauthn:extension:prf: true, webauthn:virtualAuthenticators: true}
Element: [[ChromeDriver: chrome on windows (0287ba3cf2499cb346c7184c1eb228a3)] -> xpath: //button[@data-role='proceed-to-checkout']]
Session ID: 0287ba3cf2499cb346c7184c1eb228a3
at group_Of_TestCases.groups.verifyProceedToCheckout(groups.java:602)
at java.base/java.util.ArrayList.forEach(ArrayList.java:1511)
... Removed 28 stack frames]]>
    </failure>
  </testcase> <!-- verifyProceedToCheckout -->
  <testcase classname="group_Of_TestCases.groups" name="Create_Account" time="0.0">
    <ignored/>
  </testcase> <!-- Create_Account -->
  <testcase classname="group_Of_TestCases.groups" name="VerifyProductComparison" time="0.0">
    <ignored/>
  </testcase> <!-- VerifyProductComparison -->
  <testcase classname="group_Of_TestCases.groups" name="VerifyRegisteredUserCheckout" time="0.0">
    <ignored/>
  </testcase> <!-- VerifyRegisteredUserCheckout -->
  <testcase classname="group_Of_TestCases.groups" name="verifyNoResultsForInvalidQueries" time="0.0">
    <ignored/>
  </testcase> <!-- verifyNoResultsForInvalidQueries -->
  <testcase classname="group_Of_TestCases.groups" name="ProductReviewTest" time="0.0">
    <ignored/>
  </testcase> <!-- ProductReviewTest -->
  <testcase classname="group_Of_TestCases.groups" name="VerifyFilterByColor" time="0.0">
    <ignored/>
  </testcase> <!-- VerifyFilterByColor -->
  <testcase classname="group_Of_TestCases.groups" name="UpdateCartTest" time="0.0">
    <ignored/>
  </testcase> <!-- UpdateCartTest -->
  <testcase classname="group_Of_TestCases.groups" name="VerifyOrderHistory" time="0.0">
    <ignored/>
  </testcase> <!-- VerifyOrderHistory -->
  <testcase classname="group_Of_TestCases.groups" name="VerifySortingFunctionalityByPrice" time="0.0">
    <ignored/>
  </testcase> <!-- VerifySortingFunctionalityByPrice -->
  <testcase classname="group_Of_TestCases.groups" name="verifyLoginWithInValidCredentials" time="0.0">
    <ignored/>
  </testcase> <!-- verifyLoginWithInValidCredentials -->
  <testcase classname="group_Of_TestCases.groups" name="verifyLoginWithValidCredentials" time="0.0">
    <ignored/>
  </testcase> <!-- verifyLoginWithValidCredentials -->
  <testcase classname="group_Of_TestCases.groups" name="RemoveProductFromCart" time="0.0">
    <ignored/>
  </testcase> <!-- RemoveProductFromCart -->
  <testcase classname="group_Of_TestCases.groups" name="verifyPaymentGatewayIntegration" time="0.0">
    <ignored/>
  </testcase> <!-- verifyPaymentGatewayIntegration -->
  <testcase classname="group_Of_TestCases.groups" name="TestWishlistFunctionality" time="0.0">
    <ignored/>
  </testcase> <!-- TestWishlistFunctionality -->
  <testcase classname="group_Of_TestCases.groups" name="FilterByCategory" time="0.0">
    <ignored/>
  </testcase> <!-- FilterByCategory -->
  <testcase classname="group_Of_TestCases.groups" name="verifyGuestCheckout" time="0.0">
    <ignored/>
  </testcase> <!-- verifyGuestCheckout -->
  <testcase classname="group_Of_TestCases.groups" name="VerifyOrderConfirmationPage" time="0.0">
    <ignored/>
  </testcase> <!-- VerifyOrderConfirmationPage -->
  <testcase classname="group_Of_TestCases.groups" name="VerifyFilterBySize" time="0.0">
    <ignored/>
  </testcase> <!-- VerifyFilterBySize -->
  <testcase classname="group_Of_TestCases.groups" name="VerifyPasswordResetFunctionality" time="0.0">
    <ignored/>
  </testcase> <!-- VerifyPasswordResetFunctionality -->
</testsuite> <!-- Test -->
