<!DOCTYPE html PUBLIC "-//W3C//DTD XHTML 1.1//EN" "https://www.w3.org/TR/xhtml11/DTD/xhtml11.dtd">
<html xmlns="https://www.w3.org/1999/xhtml">
<head>
<meta http-equiv="content-type" content="text/html; charset=UTF-8"/>
<title>TestNG Report</title>
<style type="text/css">table {margin-bottom:10px;border-collapse:collapse;empty-cells:show}th,td {border:1px solid #009;padding:.25em .5em}th {vertical-align:bottom}td {vertical-align:top}table a {font-weight:bold}.stripe td {background-color: #E6EBF9}.num {text-align:right}.passedodd td {background-color: #3F3}.passedeven td {background-color: #0A0}.skippedodd td {background-color: #DDD}.skippedeven td {background-color: #CCC}.failedodd td,.attn {background-color: #F33}.failedeven td,.stripe .attn {background-color: #D00}.stacktrace {white-space:pre;font-family:monospace}.totop {font-size:85%;text-align:center;border-bottom:2px solid #000}.invisible {display:none}</style>
</head>
<body>
<table>
<tr><th>Test</th><th># Passed</th><th># Skipped</th><th># Retried</th><th># Failed</th><th>Time (ms)</th><th>Included Groups</th><th>Excluded Groups</th></tr>
<tr><th colspan="8">Smoke groups</th></tr>
<tr><td><a href="#t0">Test</a></td><td class="num">3</td><td class="num">0</td><td class="num">0</td><td class="num attn">3</td><td class="num">196,623</td><td>Smoke, Test Cases</td><td>Functional, Sanity, Regression</td></tr>
</table>
<table id='summary'><thead><tr><th>Class</th><th>Method</th><th>Start</th><th>Time (ms)</th></tr></thead><tbody><tr><th colspan="4">Smoke groups</th></tr></tbody><tbody id="t0"><tr><th colspan="4">Test &#8212; failed</th></tr><tr class="failedeven"><td rowspan="3">group_Of_TestCases.groups</td><td><a href="#m0">VerifyHomePageLoads</a></td><td rowspan="1">1721369655948</td><td rowspan="1">206</td></tr><tr class="failedeven"><td><a href="#m1">VerifyProductDetailsPage</a></td><td rowspan="1">1721369656165</td><td rowspan="1">22072</td></tr><tr class="failedeven"><td><a href="#m2">verifyProceedToCheckout</a></td><td rowspan="1">1721369741541</td><td rowspan="1">58938</td></tr><tr><th colspan="4">Test &#8212; passed</th></tr><tr class="passedeven"><td rowspan="3">group_Of_TestCases.groups</td><td><a href="#m3">AddToCart</a></td><td rowspan="1">1721369603951</td><td rowspan="1">40607</td></tr><tr class="passedeven"><td><a href="#m4">SearchBox_Functionality</a></td><td rowspan="1">1721369644572</td><td rowspan="1">11369</td></tr><tr class="passedeven"><td><a href="#m5">ViewCartTest</a></td><td rowspan="1">1721369678247</td><td rowspan="1">63290</td></tr></tbody>
</table>
<h2>Test</h2><h3 id="m0">group_Of_TestCases.groups#VerifyHomePageLoads</h3><table class="result"><tr><th>Exception</th></tr><tr><td><div class="stacktrace">java.lang.AssertionError: expected [true] but found [false]
	at group_Of_TestCases.groups.VerifyHomePageLoads(groups.java:82)
	at java.base/java.util.ArrayList.forEach(ArrayList.java:1511)
... Removed 31 stack frames</div></td></tr></table><p class="totop"><a href="#summary">back to summary</a></p>
<h3 id="m1">group_Of_TestCases.groups#VerifyProductDetailsPage</h3><table class="result"><tr><th>Exception</th></tr><tr><td><div class="stacktrace">java.lang.AssertionError: expected [true] but found [false]
	at group_Of_TestCases.groups.VerifyProductDetailsPage(groups.java:383)
	at java.base/java.util.ArrayList.forEach(ArrayList.java:1511)
... Removed 31 stack frames</div></td></tr></table><p class="totop"><a href="#summary">back to summary</a></p>
<h3 id="m2">group_Of_TestCases.groups#verifyProceedToCheckout</h3><table class="result"><tr><th>Exception</th></tr><tr><td><div class="stacktrace">java.lang.AssertionError: Test failed due to exception: element click intercepted: Element &lt;button type=&quot;button&quot; data-role=&quot;proceed-to-checkout&quot; title=&quot;Proceed to Checkout&quot; class=&quot;action primary checkout&quot;&gt;...&lt;/button&gt; is not clickable at point (1228, 609). Other element would receive the click: &lt;div class=&quot;ea-content&quot;&gt;...&lt;/div&gt;
  (Session info: chrome=126.0.6478.182)
Build info: version: &apos;4.22.0&apos;, revision: &apos;c5f3146703*&apos;
System info: os.name: &apos;Windows 11&apos;, os.arch: &apos;amd64&apos;, os.version: &apos;10.0&apos;, java.version: &apos;17.0.8.1&apos;
Driver info: org.openqa.selenium.chrome.ChromeDriver
Command: [0287ba3cf2499cb346c7184c1eb228a3, clickElement {id=f.A0A386F3048AF6B160C31000F885EB16.d.BFB2896C4C003C33CDA5AAA97703F2FC.e.1682}]
Capabilities {acceptInsecureCerts: false, browserName: chrome, browserVersion: 126.0.6478.182, chrome: {chromedriverVersion: 126.0.6478.182 (5b5d8292ddf..., userDataDir: C:\Users\RAHEEM~1\AppData\L...}, fedcm:accounts: true, goog:chromeOptions: {debuggerAddress: localhost:51123}, networkConnectionEnabled: false, pageLoadStrategy: normal, platformName: windows, proxy: Proxy(), se:cdp: ws://localhost:51123/devtoo..., se:cdpVersion: 126.0.6478.182, setWindowRect: true, strictFileInteractability: false, timeouts: {implicit: 0, pageLoad: 300000, script: 30000}, unhandledPromptBehavior: dismiss and notify, webauthn:extension:credBlob: true, webauthn:extension:largeBlob: true, webauthn:extension:minPinLength: true, webauthn:extension:prf: true, webauthn:virtualAuthenticators: true}
Element: [[ChromeDriver: chrome on windows (0287ba3cf2499cb346c7184c1eb228a3)] -&gt; xpath: //button[@data-role=&apos;proceed-to-checkout&apos;]]
Session ID: 0287ba3cf2499cb346c7184c1eb228a3
	at group_Of_TestCases.groups.verifyProceedToCheckout(groups.java:602)
	at java.base/java.util.ArrayList.forEach(ArrayList.java:1511)
... Removed 28 stack frames</div></td></tr></table><p class="totop"><a href="#summary">back to summary</a></p>
<h3 id="m3">group_Of_TestCases.groups#AddToCart</h3><table class="result"><tr><th class="invisible"/></tr></table><p class="totop"><a href="#summary">back to summary</a></p>
<h3 id="m4">group_Of_TestCases.groups#SearchBox_Functionality</h3><table class="result"><tr><th class="invisible"/></tr></table><p class="totop"><a href="#summary">back to summary</a></p>
<h3 id="m5">group_Of_TestCases.groups#ViewCartTest</h3><table class="result"><tr><th class="invisible"/></tr></table><p class="totop"><a href="#summary">back to summary</a></p>
</body>
</html>
